ERROR - 2025-06-13 16:16:46 --> mysqli_sql_exception: Duplicate entry 'Amel Guro' for key 'username' in C:\xampp\htdocs\TA1\system\Database\MySQLi\Connection.php:327
Stack trace:
#0 C:\xampp\htdocs\TA1\system\Database\MySQLi\Connection.php(327): mysqli->query('INSERT INTO `us...', 0)
#1 C:\xampp\htdocs\TA1\system\Database\BaseConnection.php(738): CodeIgniter\Database\MySQLi\Connection->execute('INSERT INTO `us...')
#2 C:\xampp\htdocs\TA1\system\Database\BaseConnection.php(652): CodeIgniter\Database\BaseConnection->simpleQuery('INSERT INTO `us...')
#3 C:\xampp\htdocs\TA1\system\Database\BaseBuilder.php(2345): CodeIgniter\Database\BaseConnection->query('INSERT INTO `us...', Array, false)
#4 C:\xampp\htdocs\TA1\system\Model.php(394): CodeIgniter\Database\BaseBuilder->insert()
#5 C:\xampp\htdocs\TA1\system\BaseModel.php(839): CodeIgniter\Model->doInsert(Array)
#6 C:\xampp\htdocs\TA1\system\Model.php(800): CodeIgniter\BaseModel->insert(Array, true)
#7 C:\xampp\htdocs\TA1\app\Controllers\AuthController.php(46): CodeIgniter\Model->insert(Array)
#8 C:\xampp\htdocs\TA1\system\CodeIgniter.php(933): App\Controllers\AuthController->register()
#9 C:\xampp\htdocs\TA1\system\CodeIgniter.php(507): CodeIgniter\CodeIgniter->runController(Object(App\Controllers\AuthController))
#10 C:\xampp\htdocs\TA1\system\CodeIgniter.php(354): CodeIgniter\CodeIgniter->handleRequest(NULL, Object(Config\Cache), false)
#11 C:\xampp\htdocs\TA1\system\Boot.php(334): CodeIgniter\CodeIgniter->run()
#12 C:\xampp\htdocs\TA1\system\Boot.php(67): CodeIgniter\Boot::runCodeIgniter(Object(CodeIgniter\CodeIgniter))
#13 C:\xampp\htdocs\TA1\public\index.php(56): CodeIgniter\Boot::bootWeb(Object(Config\Paths))
#14 {main}
CRITICAL - 2025-06-13 16:16:47 --> CodeIgniter\Database\Exceptions\DatabaseException: Duplicate entry 'Amel Guro' for key 'username'
[Method: POST, Route: register]
in SYSTEMPATH\Database\BaseConnection.php on line 692.
 1 SYSTEMPATH\Database\BaseBuilder.php(2345): CodeIgniter\Database\BaseConnection->query('INSERT INTO `users` (`username`, `email`, `password`, `created_at`) VALUES (:username:, :email:, :password:, :created_at:)', [...], false)
 2 SYSTEMPATH\Model.php(394): CodeIgniter\Database\BaseBuilder->insert()
 3 SYSTEMPATH\BaseModel.php(839): CodeIgniter\Model->doInsert([...])
 4 SYSTEMPATH\Model.php(800): CodeIgniter\BaseModel->insert([...], true)
 5 APPPATH\Controllers\AuthController.php(46): CodeIgniter\Model->insert([...])
 6 SYSTEMPATH\CodeIgniter.php(933): App\Controllers\AuthController->register()
 7 SYSTEMPATH\CodeIgniter.php(507): CodeIgniter\CodeIgniter->runController(Object(App\Controllers\AuthController))
 8 SYSTEMPATH\CodeIgniter.php(354): CodeIgniter\CodeIgniter->handleRequest(null, Object(Config\Cache), false)
 9 SYSTEMPATH\Boot.php(334): CodeIgniter\CodeIgniter->run()
10 SYSTEMPATH\Boot.php(67): CodeIgniter\Boot::runCodeIgniter(Object(CodeIgniter\CodeIgniter))
11 FCPATH\index.php(56): CodeIgniter\Boot::bootWeb(Object(Config\Paths))
CRITICAL - 2025-06-13 16:16:47 --> [Caused by] CodeIgniter\Database\Exceptions\DatabaseException: Duplicate entry 'Amel Guro' for key 'username'
in SYSTEMPATH\Database\MySQLi\Connection.php on line 332.
 1 SYSTEMPATH\Database\BaseConnection.php(738): CodeIgniter\Database\MySQLi\Connection->execute('INSERT INTO `users` (`username`, `email`, `password`, `created_at`) VALUES (\'Amel Guro\', \'Amelbauting2@gmail.com\', \'$2y$10$3ZBNMkGcPKlMr1LYmBHb7ObfvUm6pTBeYoNAz2OKl9PkpfQmDW14a\', \'2025-06-13 16:16:46\')')
 2 SYSTEMPATH\Database\BaseConnection.php(652): CodeIgniter\Database\BaseConnection->simpleQuery('INSERT INTO `users` (`username`, `email`, `password`, `created_at`) VALUES (\'Amel Guro\', \'Amelbauting2@gmail.com\', \'$2y$10$3ZBNMkGcPKlMr1LYmBHb7ObfvUm6pTBeYoNAz2OKl9PkpfQmDW14a\', \'2025-06-13 16:16:46\')')
 3 SYSTEMPATH\Database\BaseBuilder.php(2345): CodeIgniter\Database\BaseConnection->query('INSERT INTO `users` (`username`, `email`, `password`, `created_at`) VALUES (:username:, :email:, :password:, :created_at:)', [...], false)
 4 SYSTEMPATH\Model.php(394): CodeIgniter\Database\BaseBuilder->insert()
 5 SYSTEMPATH\BaseModel.php(839): CodeIgniter\Model->doInsert([...])
 6 SYSTEMPATH\Model.php(800): CodeIgniter\BaseModel->insert([...], true)
 7 APPPATH\Controllers\AuthController.php(46): CodeIgniter\Model->insert([...])
 8 SYSTEMPATH\CodeIgniter.php(933): App\Controllers\AuthController->register()
 9 SYSTEMPATH\CodeIgniter.php(507): CodeIgniter\CodeIgniter->runController(Object(App\Controllers\AuthController))
10 SYSTEMPATH\CodeIgniter.php(354): CodeIgniter\CodeIgniter->handleRequest(null, Object(Config\Cache), false)
11 SYSTEMPATH\Boot.php(334): CodeIgniter\CodeIgniter->run()
12 SYSTEMPATH\Boot.php(67): CodeIgniter\Boot::runCodeIgniter(Object(CodeIgniter\CodeIgniter))
13 FCPATH\index.php(56): CodeIgniter\Boot::bootWeb(Object(Config\Paths))
CRITICAL - 2025-06-13 16:16:47 --> [Caused by] mysqli_sql_exception: Duplicate entry 'Amel Guro' for key 'username'
in SYSTEMPATH\Database\MySQLi\Connection.php on line 327.
 1 SYSTEMPATH\Database\MySQLi\Connection.php(327): mysqli->query('INSERT INTO `users` (`username`, `email`, `password`, `created_at`) VALUES (\'Amel Guro\', \'Amelbauting2@gmail.com\', \'$2y$10$3ZBNMkGcPKlMr1LYmBHb7ObfvUm6pTBeYoNAz2OKl9PkpfQmDW14a\', \'2025-06-13 16:16:46\')', 0)
 2 SYSTEMPATH\Database\BaseConnection.php(738): CodeIgniter\Database\MySQLi\Connection->execute('INSERT INTO `users` (`username`, `email`, `password`, `created_at`) VALUES (\'Amel Guro\', \'Amelbauting2@gmail.com\', \'$2y$10$3ZBNMkGcPKlMr1LYmBHb7ObfvUm6pTBeYoNAz2OKl9PkpfQmDW14a\', \'2025-06-13 16:16:46\')')
 3 SYSTEMPATH\Database\BaseConnection.php(652): CodeIgniter\Database\BaseConnection->simpleQuery('INSERT INTO `users` (`username`, `email`, `password`, `created_at`) VALUES (\'Amel Guro\', \'Amelbauting2@gmail.com\', \'$2y$10$3ZBNMkGcPKlMr1LYmBHb7ObfvUm6pTBeYoNAz2OKl9PkpfQmDW14a\', \'2025-06-13 16:16:46\')')
 4 SYSTEMPATH\Database\BaseBuilder.php(2345): CodeIgniter\Database\BaseConnection->query('INSERT INTO `users` (`username`, `email`, `password`, `created_at`) VALUES (:username:, :email:, :password:, :created_at:)', [...], false)
 5 SYSTEMPATH\Model.php(394): CodeIgniter\Database\BaseBuilder->insert()
 6 SYSTEMPATH\BaseModel.php(839): CodeIgniter\Model->doInsert([...])
 7 SYSTEMPATH\Model.php(800): CodeIgniter\BaseModel->insert([...], true)
 8 APPPATH\Controllers\AuthController.php(46): CodeIgniter\Model->insert([...])
 9 SYSTEMPATH\CodeIgniter.php(933): App\Controllers\AuthController->register()
10 SYSTEMPATH\CodeIgniter.php(507): CodeIgniter\CodeIgniter->runController(Object(App\Controllers\AuthController))
11 SYSTEMPATH\CodeIgniter.php(354): CodeIgniter\CodeIgniter->handleRequest(null, Object(Config\Cache), false)
12 SYSTEMPATH\Boot.php(334): CodeIgniter\CodeIgniter->run()
13 SYSTEMPATH\Boot.php(67): CodeIgniter\Boot::runCodeIgniter(Object(CodeIgniter\CodeIgniter))
14 FCPATH\index.php(56): CodeIgniter\Boot::bootWeb(Object(Config\Paths))
CRITICAL - 2025-06-13 17:31:35 --> ErrorException: Undefined variable $task
[Method: GET, Route: tasks/create]
in APPPATH\Views\tasks\create.php on line 6.
 1 APPPATH\Views\tasks\create.php(6): CodeIgniter\Debug\Exceptions->errorHandler(2, 'Undefined variable $task', 'C:\\xampp\\htdocs\\TA1\\app\\Views\\tasks\\create.php', 6)
 2 SYSTEMPATH\View\View.php(224): include('C:\\xampp\\htdocs\\TA1\\app\\Views\\tasks\\create.php')
 3 SYSTEMPATH\View\View.php(227): CodeIgniter\View\View->CodeIgniter\View\{closure}()
 4 SYSTEMPATH\Common.php(1173): CodeIgniter\View\View->render('tasks/create', [], true)
 5 APPPATH\Controllers\TaskController.php(35): view('tasks/create')
 6 SYSTEMPATH\CodeIgniter.php(933): App\Controllers\TaskController->create()
 7 SYSTEMPATH\CodeIgniter.php(507): CodeIgniter\CodeIgniter->runController(Object(App\Controllers\TaskController))
 8 SYSTEMPATH\CodeIgniter.php(354): CodeIgniter\CodeIgniter->handleRequest(null, Object(Config\Cache), false)
 9 SYSTEMPATH\Boot.php(334): CodeIgniter\CodeIgniter->run()
10 SYSTEMPATH\Boot.php(67): CodeIgniter\Boot::runCodeIgniter(Object(CodeIgniter\CodeIgniter))
11 FCPATH\index.php(56): CodeIgniter\Boot::bootWeb(Object(Config\Paths))
CRITICAL - 2025-06-13 17:31:37 --> ErrorException: Undefined variable $task
[Method: GET, Route: tasks/create]
in APPPATH\Views\tasks\create.php on line 6.
 1 APPPATH\Views\tasks\create.php(6): CodeIgniter\Debug\Exceptions->errorHandler(2, 'Undefined variable $task', 'C:\\xampp\\htdocs\\TA1\\app\\Views\\tasks\\create.php', 6)
 2 SYSTEMPATH\View\View.php(224): include('C:\\xampp\\htdocs\\TA1\\app\\Views\\tasks\\create.php')
 3 SYSTEMPATH\View\View.php(227): CodeIgniter\View\View->CodeIgniter\View\{closure}()
 4 SYSTEMPATH\Common.php(1173): CodeIgniter\View\View->render('tasks/create', [], true)
 5 APPPATH\Controllers\TaskController.php(35): view('tasks/create')
 6 SYSTEMPATH\CodeIgniter.php(933): App\Controllers\TaskController->create()
 7 SYSTEMPATH\CodeIgniter.php(507): CodeIgniter\CodeIgniter->runController(Object(App\Controllers\TaskController))
 8 SYSTEMPATH\CodeIgniter.php(354): CodeIgniter\CodeIgniter->handleRequest(null, Object(Config\Cache), false)
 9 SYSTEMPATH\Boot.php(334): CodeIgniter\CodeIgniter->run()
10 SYSTEMPATH\Boot.php(67): CodeIgniter\Boot::runCodeIgniter(Object(CodeIgniter\CodeIgniter))
11 FCPATH\index.php(56): CodeIgniter\Boot::bootWeb(Object(Config\Paths))
CRITICAL - 2025-06-13 17:31:38 --> ErrorException: Undefined variable $task
[Method: GET, Route: tasks/create]
in APPPATH\Views\tasks\create.php on line 6.
 1 APPPATH\Views\tasks\create.php(6): CodeIgniter\Debug\Exceptions->errorHandler(2, 'Undefined variable $task', 'C:\\xampp\\htdocs\\TA1\\app\\Views\\tasks\\create.php', 6)
 2 SYSTEMPATH\View\View.php(224): include('C:\\xampp\\htdocs\\TA1\\app\\Views\\tasks\\create.php')
 3 SYSTEMPATH\View\View.php(227): CodeIgniter\View\View->CodeIgniter\View\{closure}()
 4 SYSTEMPATH\Common.php(1173): CodeIgniter\View\View->render('tasks/create', [], true)
 5 APPPATH\Controllers\TaskController.php(35): view('tasks/create')
 6 SYSTEMPATH\CodeIgniter.php(933): App\Controllers\TaskController->create()
 7 SYSTEMPATH\CodeIgniter.php(507): CodeIgniter\CodeIgniter->runController(Object(App\Controllers\TaskController))
 8 SYSTEMPATH\CodeIgniter.php(354): CodeIgniter\CodeIgniter->handleRequest(null, Object(Config\Cache), false)
 9 SYSTEMPATH\Boot.php(334): CodeIgniter\CodeIgniter->run()
10 SYSTEMPATH\Boot.php(67): CodeIgniter\Boot::runCodeIgniter(Object(CodeIgniter\CodeIgniter))
11 FCPATH\index.php(56): CodeIgniter\Boot::bootWeb(Object(Config\Paths))
CRITICAL - 2025-06-13 17:31:56 --> ErrorException: Undefined variable $task
[Method: GET, Route: tasks/create]
in APPPATH\Views\tasks\create.php on line 6.
 1 APPPATH\Views\tasks\create.php(6): CodeIgniter\Debug\Exceptions->errorHandler(2, 'Undefined variable $task', 'C:\\xampp\\htdocs\\TA1\\app\\Views\\tasks\\create.php', 6)
 2 SYSTEMPATH\View\View.php(224): include('C:\\xampp\\htdocs\\TA1\\app\\Views\\tasks\\create.php')
 3 SYSTEMPATH\View\View.php(227): CodeIgniter\View\View->CodeIgniter\View\{closure}()
 4 SYSTEMPATH\Common.php(1173): CodeIgniter\View\View->render('tasks/create', [], true)
 5 APPPATH\Controllers\TaskController.php(35): view('tasks/create')
 6 SYSTEMPATH\CodeIgniter.php(933): App\Controllers\TaskController->create()
 7 SYSTEMPATH\CodeIgniter.php(507): CodeIgniter\CodeIgniter->runController(Object(App\Controllers\TaskController))
 8 SYSTEMPATH\CodeIgniter.php(354): CodeIgniter\CodeIgniter->handleRequest(null, Object(Config\Cache), false)
 9 SYSTEMPATH\Boot.php(334): CodeIgniter\CodeIgniter->run()
10 SYSTEMPATH\Boot.php(67): CodeIgniter\Boot::runCodeIgniter(Object(CodeIgniter\CodeIgniter))
11 FCPATH\index.php(56): CodeIgniter\Boot::bootWeb(Object(Config\Paths))
CRITICAL - 2025-06-13 17:33:44 --> ErrorException: Undefined variable $task
[Method: GET, Route: tasks/create]
in APPPATH\Views\tasks\create.php on line 6.
 1 APPPATH\Views\tasks\create.php(6): CodeIgniter\Debug\Exceptions->errorHandler(2, 'Undefined variable $task', 'C:\\xampp\\htdocs\\TA1\\app\\Views\\tasks\\create.php', 6)
 2 SYSTEMPATH\View\View.php(224): include('C:\\xampp\\htdocs\\TA1\\app\\Views\\tasks\\create.php')
 3 SYSTEMPATH\View\View.php(227): CodeIgniter\View\View->CodeIgniter\View\{closure}()
 4 SYSTEMPATH\Common.php(1173): CodeIgniter\View\View->render('tasks/create', [], true)
 5 APPPATH\Controllers\TaskController.php(35): view('tasks/create')
 6 SYSTEMPATH\CodeIgniter.php(933): App\Controllers\TaskController->create()
 7 SYSTEMPATH\CodeIgniter.php(507): CodeIgniter\CodeIgniter->runController(Object(App\Controllers\TaskController))
 8 SYSTEMPATH\CodeIgniter.php(354): CodeIgniter\CodeIgniter->handleRequest(null, Object(Config\Cache), false)
 9 SYSTEMPATH\Boot.php(334): CodeIgniter\CodeIgniter->run()
10 SYSTEMPATH\Boot.php(67): CodeIgniter\Boot::runCodeIgniter(Object(CodeIgniter\CodeIgniter))
11 FCPATH\index.php(56): CodeIgniter\Boot::bootWeb(Object(Config\Paths))
CRITICAL - 2025-06-13 17:34:46 --> ErrorException: Undefined variable $task
[Method: GET, Route: tasks/create]
in APPPATH\Views\tasks\create.php on line 6.
 1 APPPATH\Views\tasks\create.php(6): CodeIgniter\Debug\Exceptions->errorHandler(2, 'Undefined variable $task', 'C:\\xampp\\htdocs\\TA1\\app\\Views\\tasks\\create.php', 6)
 2 SYSTEMPATH\View\View.php(224): include('C:\\xampp\\htdocs\\TA1\\app\\Views\\tasks\\create.php')
 3 SYSTEMPATH\View\View.php(227): CodeIgniter\View\View->CodeIgniter\View\{closure}()
 4 SYSTEMPATH\Common.php(1173): CodeIgniter\View\View->render('tasks/create', [], true)
 5 APPPATH\Controllers\TaskController.php(35): view('tasks/create')
 6 SYSTEMPATH\CodeIgniter.php(933): App\Controllers\TaskController->create()
 7 SYSTEMPATH\CodeIgniter.php(507): CodeIgniter\CodeIgniter->runController(Object(App\Controllers\TaskController))
 8 SYSTEMPATH\CodeIgniter.php(354): CodeIgniter\CodeIgniter->handleRequest(null, Object(Config\Cache), false)
 9 SYSTEMPATH\Boot.php(334): CodeIgniter\CodeIgniter->run()
10 SYSTEMPATH\Boot.php(67): CodeIgniter\Boot::runCodeIgniter(Object(CodeIgniter\CodeIgniter))
11 FCPATH\index.php(56): CodeIgniter\Boot::bootWeb(Object(Config\Paths))
CRITICAL - 2025-06-13 17:34:46 --> ErrorException: Undefined variable $task
[Method: GET, Route: tasks/create]
in APPPATH\Views\tasks\create.php on line 6.
 1 APPPATH\Views\tasks\create.php(6): CodeIgniter\Debug\Exceptions->errorHandler(2, 'Undefined variable $task', 'C:\\xampp\\htdocs\\TA1\\app\\Views\\tasks\\create.php', 6)
 2 SYSTEMPATH\View\View.php(224): include('C:\\xampp\\htdocs\\TA1\\app\\Views\\tasks\\create.php')
 3 SYSTEMPATH\View\View.php(227): CodeIgniter\View\View->CodeIgniter\View\{closure}()
 4 SYSTEMPATH\Common.php(1173): CodeIgniter\View\View->render('tasks/create', [], true)
 5 APPPATH\Controllers\TaskController.php(35): view('tasks/create')
 6 SYSTEMPATH\CodeIgniter.php(933): App\Controllers\TaskController->create()
 7 SYSTEMPATH\CodeIgniter.php(507): CodeIgniter\CodeIgniter->runController(Object(App\Controllers\TaskController))
 8 SYSTEMPATH\CodeIgniter.php(354): CodeIgniter\CodeIgniter->handleRequest(null, Object(Config\Cache), false)
 9 SYSTEMPATH\Boot.php(334): CodeIgniter\CodeIgniter->run()
10 SYSTEMPATH\Boot.php(67): CodeIgniter\Boot::runCodeIgniter(Object(CodeIgniter\CodeIgniter))
11 FCPATH\index.php(56): CodeIgniter\Boot::bootWeb(Object(Config\Paths))
CRITICAL - 2025-06-13 17:35:20 --> ErrorException: Undefined variable $task
[Method: GET, Route: tasks/create]
in APPPATH\Views\tasks\create.php on line 6.
 1 APPPATH\Views\tasks\create.php(6): CodeIgniter\Debug\Exceptions->errorHandler(2, 'Undefined variable $task', 'C:\\xampp\\htdocs\\TA1\\app\\Views\\tasks\\create.php', 6)
 2 SYSTEMPATH\View\View.php(224): include('C:\\xampp\\htdocs\\TA1\\app\\Views\\tasks\\create.php')
 3 SYSTEMPATH\View\View.php(227): CodeIgniter\View\View->CodeIgniter\View\{closure}()
 4 SYSTEMPATH\Common.php(1173): CodeIgniter\View\View->render('tasks/create', [], true)
 5 APPPATH\Controllers\TaskController.php(35): view('tasks/create')
 6 SYSTEMPATH\CodeIgniter.php(933): App\Controllers\TaskController->create()
 7 SYSTEMPATH\CodeIgniter.php(507): CodeIgniter\CodeIgniter->runController(Object(App\Controllers\TaskController))
 8 SYSTEMPATH\CodeIgniter.php(354): CodeIgniter\CodeIgniter->handleRequest(null, Object(Config\Cache), false)
 9 SYSTEMPATH\Boot.php(334): CodeIgniter\CodeIgniter->run()
10 SYSTEMPATH\Boot.php(67): CodeIgniter\Boot::runCodeIgniter(Object(CodeIgniter\CodeIgniter))
11 FCPATH\index.php(56): CodeIgniter\Boot::bootWeb(Object(Config\Paths))
CRITICAL - 2025-06-13 19:52:10 --> ErrorException: Cannot redeclare App\Controllers\TaskController::adminUpdate()
[Method: GET, Route: admin/user-tasks/7]
in APPPATH\Controllers\TaskController.php on line 262.
 1 [internal function]: CodeIgniter\Debug\Exceptions->shutdownHandler()
CRITICAL - 2025-06-13 19:52:13 --> ErrorException: Cannot redeclare App\Controllers\TaskController::adminUpdate()
[Method: GET, Route: admin/dashboard]
in APPPATH\Controllers\TaskController.php on line 262.
 1 [internal function]: CodeIgniter\Debug\Exceptions->shutdownHandler()
CRITICAL - 2025-06-13 19:52:14 --> ErrorException: Cannot redeclare App\Controllers\TaskController::adminUpdate()
[Method: GET, Route: tasks]
in APPPATH\Controllers\TaskController.php on line 262.
 1 [internal function]: CodeIgniter\Debug\Exceptions->shutdownHandler()
CRITICAL - 2025-06-13 19:52:23 --> ErrorException: Cannot redeclare App\Controllers\TaskController::adminUpdate()
[Method: GET, Route: tasks]
in APPPATH\Controllers\TaskController.php on line 262.
 1 [internal function]: CodeIgniter\Debug\Exceptions->shutdownHandler()
CRITICAL - 2025-06-13 19:59:33 --> CodeIgniter\View\Exceptions\ViewException: Invalid file: "admin/user_tasks.php"
[Method: GET, Route: admin/user-tasks/8]
in SYSTEMPATH\Exceptions\FrameworkException.php on line 39.
 1 SYSTEMPATH\View\View.php(212): CodeIgniter\Exceptions\FrameworkException::forInvalidFile('admin/user_tasks.php')
 2 SYSTEMPATH\Common.php(1173): CodeIgniter\View\View->render('admin/user_tasks', [], true)
 3 APPPATH\Controllers\TaskController.php(184): view('admin/user_tasks', [...])
 4 SYSTEMPATH\CodeIgniter.php(933): App\Controllers\TaskController->adminUserTasks('8')
 5 SYSTEMPATH\CodeIgniter.php(507): CodeIgniter\CodeIgniter->runController(Object(App\Controllers\TaskController))
 6 SYSTEMPATH\CodeIgniter.php(354): CodeIgniter\CodeIgniter->handleRequest(null, Object(Config\Cache), false)
 7 SYSTEMPATH\Boot.php(334): CodeIgniter\CodeIgniter->run()
 8 SYSTEMPATH\Boot.php(67): CodeIgniter\Boot::runCodeIgniter(Object(CodeIgniter\CodeIgniter))
 9 FCPATH\index.php(56): CodeIgniter\Boot::bootWeb(Object(Config\Paths))
CRITICAL - 2025-06-13 19:59:36 --> CodeIgniter\View\Exceptions\ViewException: Invalid file: "admin/user_tasks.php"
[Method: GET, Route: admin/user-tasks/8]
in SYSTEMPATH\Exceptions\FrameworkException.php on line 39.
 1 SYSTEMPATH\View\View.php(212): CodeIgniter\Exceptions\FrameworkException::forInvalidFile('admin/user_tasks.php')
 2 SYSTEMPATH\Common.php(1173): CodeIgniter\View\View->render('admin/user_tasks', [], true)
 3 APPPATH\Controllers\TaskController.php(184): view('admin/user_tasks', [...])
 4 SYSTEMPATH\CodeIgniter.php(933): App\Controllers\TaskController->adminUserTasks('8')
 5 SYSTEMPATH\CodeIgniter.php(507): CodeIgniter\CodeIgniter->runController(Object(App\Controllers\TaskController))
 6 SYSTEMPATH\CodeIgniter.php(354): CodeIgniter\CodeIgniter->handleRequest(null, Object(Config\Cache), false)
 7 SYSTEMPATH\Boot.php(334): CodeIgniter\CodeIgniter->run()
 8 SYSTEMPATH\Boot.php(67): CodeIgniter\Boot::runCodeIgniter(Object(CodeIgniter\CodeIgniter))
 9 FCPATH\index.php(56): CodeIgniter\Boot::bootWeb(Object(Config\Paths))
CRITICAL - 2025-06-13 20:01:11 --> CodeIgniter\View\Exceptions\ViewException: Invalid file: "admin/user_tasks.php"
[Method: GET, Route: admin/user-tasks/8]
in SYSTEMPATH\Exceptions\FrameworkException.php on line 39.
 1 SYSTEMPATH\View\View.php(212): CodeIgniter\Exceptions\FrameworkException::forInvalidFile('admin/user_tasks.php')
 2 SYSTEMPATH\Common.php(1173): CodeIgniter\View\View->render('admin/user_tasks', [], true)
 3 APPPATH\Controllers\TaskController.php(184): view('admin/user_tasks', [...])
 4 SYSTEMPATH\CodeIgniter.php(933): App\Controllers\TaskController->adminUserTasks('8')
 5 SYSTEMPATH\CodeIgniter.php(507): CodeIgniter\CodeIgniter->runController(Object(App\Controllers\TaskController))
 6 SYSTEMPATH\CodeIgniter.php(354): CodeIgniter\CodeIgniter->handleRequest(null, Object(Config\Cache), false)
 7 SYSTEMPATH\Boot.php(334): CodeIgniter\CodeIgniter->run()
 8 SYSTEMPATH\Boot.php(67): CodeIgniter\Boot::runCodeIgniter(Object(CodeIgniter\CodeIgniter))
 9 FCPATH\index.php(56): CodeIgniter\Boot::bootWeb(Object(Config\Paths))
CRITICAL - 2025-06-13 20:01:13 --> CodeIgniter\View\Exceptions\ViewException: Invalid file: "admin/user_tasks.php"
[Method: GET, Route: admin/user-tasks/8]
in SYSTEMPATH\Exceptions\FrameworkException.php on line 39.
 1 SYSTEMPATH\View\View.php(212): CodeIgniter\Exceptions\FrameworkException::forInvalidFile('admin/user_tasks.php')
 2 SYSTEMPATH\Common.php(1173): CodeIgniter\View\View->render('admin/user_tasks', [], true)
 3 APPPATH\Controllers\TaskController.php(184): view('admin/user_tasks', [...])
 4 SYSTEMPATH\CodeIgniter.php(933): App\Controllers\TaskController->adminUserTasks('8')
 5 SYSTEMPATH\CodeIgniter.php(507): CodeIgniter\CodeIgniter->runController(Object(App\Controllers\TaskController))
 6 SYSTEMPATH\CodeIgniter.php(354): CodeIgniter\CodeIgniter->handleRequest(null, Object(Config\Cache), false)
 7 SYSTEMPATH\Boot.php(334): CodeIgniter\CodeIgniter->run()
 8 SYSTEMPATH\Boot.php(67): CodeIgniter\Boot::runCodeIgniter(Object(CodeIgniter\CodeIgniter))
 9 FCPATH\index.php(56): CodeIgniter\Boot::bootWeb(Object(Config\Paths))
CRITICAL - 2025-06-13 20:02:37 --> CodeIgniter\View\Exceptions\ViewException: Invalid file: "admin/user_tasks.php"
[Method: GET, Route: admin/user-tasks/8]
in SYSTEMPATH\Exceptions\FrameworkException.php on line 39.
 1 SYSTEMPATH\View\View.php(212): CodeIgniter\Exceptions\FrameworkException::forInvalidFile('admin/user_tasks.php')
 2 SYSTEMPATH\Common.php(1173): CodeIgniter\View\View->render('admin/user_tasks', [], true)
 3 APPPATH\Controllers\TaskController.php(184): view('admin/user_tasks', [...])
 4 SYSTEMPATH\CodeIgniter.php(933): App\Controllers\TaskController->adminUserTasks('8')
 5 SYSTEMPATH\CodeIgniter.php(507): CodeIgniter\CodeIgniter->runController(Object(App\Controllers\TaskController))
 6 SYSTEMPATH\CodeIgniter.php(354): CodeIgniter\CodeIgniter->handleRequest(null, Object(Config\Cache), false)
 7 SYSTEMPATH\Boot.php(334): CodeIgniter\CodeIgniter->run()
 8 SYSTEMPATH\Boot.php(67): CodeIgniter\Boot::runCodeIgniter(Object(CodeIgniter\CodeIgniter))
 9 FCPATH\index.php(56): CodeIgniter\Boot::bootWeb(Object(Config\Paths))
CRITICAL - 2025-06-13 20:02:39 --> CodeIgniter\View\Exceptions\ViewException: Invalid file: "admin/user_tasks.php"
[Method: GET, Route: admin/user-tasks/8]
in SYSTEMPATH\Exceptions\FrameworkException.php on line 39.
 1 SYSTEMPATH\View\View.php(212): CodeIgniter\Exceptions\FrameworkException::forInvalidFile('admin/user_tasks.php')
 2 SYSTEMPATH\Common.php(1173): CodeIgniter\View\View->render('admin/user_tasks', [], true)
 3 APPPATH\Controllers\TaskController.php(184): view('admin/user_tasks', [...])
 4 SYSTEMPATH\CodeIgniter.php(933): App\Controllers\TaskController->adminUserTasks('8')
 5 SYSTEMPATH\CodeIgniter.php(507): CodeIgniter\CodeIgniter->runController(Object(App\Controllers\TaskController))
 6 SYSTEMPATH\CodeIgniter.php(354): CodeIgniter\CodeIgniter->handleRequest(null, Object(Config\Cache), false)
 7 SYSTEMPATH\Boot.php(334): CodeIgniter\CodeIgniter->run()
 8 SYSTEMPATH\Boot.php(67): CodeIgniter\Boot::runCodeIgniter(Object(CodeIgniter\CodeIgniter))
 9 FCPATH\index.php(56): CodeIgniter\Boot::bootWeb(Object(Config\Paths))
CRITICAL - 2025-06-13 20:02:39 --> CodeIgniter\View\Exceptions\ViewException: Invalid file: "admin/user_tasks.php"
[Method: GET, Route: admin/user-tasks/8]
in SYSTEMPATH\Exceptions\FrameworkException.php on line 39.
 1 SYSTEMPATH\View\View.php(212): CodeIgniter\Exceptions\FrameworkException::forInvalidFile('admin/user_tasks.php')
 2 SYSTEMPATH\Common.php(1173): CodeIgniter\View\View->render('admin/user_tasks', [], true)
 3 APPPATH\Controllers\TaskController.php(184): view('admin/user_tasks', [...])
 4 SYSTEMPATH\CodeIgniter.php(933): App\Controllers\TaskController->adminUserTasks('8')
 5 SYSTEMPATH\CodeIgniter.php(507): CodeIgniter\CodeIgniter->runController(Object(App\Controllers\TaskController))
 6 SYSTEMPATH\CodeIgniter.php(354): CodeIgniter\CodeIgniter->handleRequest(null, Object(Config\Cache), false)
 7 SYSTEMPATH\Boot.php(334): CodeIgniter\CodeIgniter->run()
 8 SYSTEMPATH\Boot.php(67): CodeIgniter\Boot::runCodeIgniter(Object(CodeIgniter\CodeIgniter))
 9 FCPATH\index.php(56): CodeIgniter\Boot::bootWeb(Object(Config\Paths))
CRITICAL - 2025-06-13 20:05:09 --> CodeIgniter\View\Exceptions\ViewException: Invalid file: "admin/user_tasks.php"
[Method: GET, Route: admin/user-tasks/1]
in SYSTEMPATH\Exceptions\FrameworkException.php on line 39.
 1 SYSTEMPATH\View\View.php(212): CodeIgniter\Exceptions\FrameworkException::forInvalidFile('admin/user_tasks.php')
 2 SYSTEMPATH\Common.php(1173): CodeIgniter\View\View->render('admin/user_tasks', [], true)
 3 APPPATH\Controllers\TaskController.php(184): view('admin/user_tasks', [...])
 4 SYSTEMPATH\CodeIgniter.php(933): App\Controllers\TaskController->adminUserTasks('1')
 5 SYSTEMPATH\CodeIgniter.php(507): CodeIgniter\CodeIgniter->runController(Object(App\Controllers\TaskController))
 6 SYSTEMPATH\CodeIgniter.php(354): CodeIgniter\CodeIgniter->handleRequest(null, Object(Config\Cache), false)
 7 SYSTEMPATH\Boot.php(334): CodeIgniter\CodeIgniter->run()
 8 SYSTEMPATH\Boot.php(67): CodeIgniter\Boot::runCodeIgniter(Object(CodeIgniter\CodeIgniter))
 9 FCPATH\index.php(56): CodeIgniter\Boot::bootWeb(Object(Config\Paths))
CRITICAL - 2025-06-13 20:05:12 --> CodeIgniter\View\Exceptions\ViewException: Invalid file: "admin/user_tasks.php"
[Method: GET, Route: admin/user-tasks/8]
in SYSTEMPATH\Exceptions\FrameworkException.php on line 39.
 1 SYSTEMPATH\View\View.php(212): CodeIgniter\Exceptions\FrameworkException::forInvalidFile('admin/user_tasks.php')
 2 SYSTEMPATH\Common.php(1173): CodeIgniter\View\View->render('admin/user_tasks', [], true)
 3 APPPATH\Controllers\TaskController.php(184): view('admin/user_tasks', [...])
 4 SYSTEMPATH\CodeIgniter.php(933): App\Controllers\TaskController->adminUserTasks('8')
 5 SYSTEMPATH\CodeIgniter.php(507): CodeIgniter\CodeIgniter->runController(Object(App\Controllers\TaskController))
 6 SYSTEMPATH\CodeIgniter.php(354): CodeIgniter\CodeIgniter->handleRequest(null, Object(Config\Cache), false)
 7 SYSTEMPATH\Boot.php(334): CodeIgniter\CodeIgniter->run()
 8 SYSTEMPATH\Boot.php(67): CodeIgniter\Boot::runCodeIgniter(Object(CodeIgniter\CodeIgniter))
 9 FCPATH\index.php(56): CodeIgniter\Boot::bootWeb(Object(Config\Paths))
CRITICAL - 2025-06-13 20:07:57 --> CodeIgniter\View\Exceptions\ViewException: Invalid file: "admin/user_tasks.php"
[Method: GET, Route: admin/user-tasks/8]
in SYSTEMPATH\Exceptions\FrameworkException.php on line 39.
 1 SYSTEMPATH\View\View.php(212): CodeIgniter\Exceptions\FrameworkException::forInvalidFile('admin/user_tasks.php')
 2 SYSTEMPATH\Common.php(1173): CodeIgniter\View\View->render('admin/user_tasks', [], true)
 3 APPPATH\Controllers\TaskController.php(184): view('admin/user_tasks', [...])
 4 SYSTEMPATH\CodeIgniter.php(933): App\Controllers\TaskController->adminUserTasks('8')
 5 SYSTEMPATH\CodeIgniter.php(507): CodeIgniter\CodeIgniter->runController(Object(App\Controllers\TaskController))
 6 SYSTEMPATH\CodeIgniter.php(354): CodeIgniter\CodeIgniter->handleRequest(null, Object(Config\Cache), false)
 7 SYSTEMPATH\Boot.php(334): CodeIgniter\CodeIgniter->run()
 8 SYSTEMPATH\Boot.php(67): CodeIgniter\Boot::runCodeIgniter(Object(CodeIgniter\CodeIgniter))
 9 FCPATH\index.php(56): CodeIgniter\Boot::bootWeb(Object(Config\Paths))
CRITICAL - 2025-06-13 20:08:00 --> CodeIgniter\View\Exceptions\ViewException: Invalid file: "admin/user_tasks.php"
[Method: GET, Route: admin/user-tasks/8]
in SYSTEMPATH\Exceptions\FrameworkException.php on line 39.
 1 SYSTEMPATH\View\View.php(212): CodeIgniter\Exceptions\FrameworkException::forInvalidFile('admin/user_tasks.php')
 2 SYSTEMPATH\Common.php(1173): CodeIgniter\View\View->render('admin/user_tasks', [], true)
 3 APPPATH\Controllers\TaskController.php(184): view('admin/user_tasks', [...])
 4 SYSTEMPATH\CodeIgniter.php(933): App\Controllers\TaskController->adminUserTasks('8')
 5 SYSTEMPATH\CodeIgniter.php(507): CodeIgniter\CodeIgniter->runController(Object(App\Controllers\TaskController))
 6 SYSTEMPATH\CodeIgniter.php(354): CodeIgniter\CodeIgniter->handleRequest(null, Object(Config\Cache), false)
 7 SYSTEMPATH\Boot.php(334): CodeIgniter\CodeIgniter->run()
 8 SYSTEMPATH\Boot.php(67): CodeIgniter\Boot::runCodeIgniter(Object(CodeIgniter\CodeIgniter))
 9 FCPATH\index.php(56): CodeIgniter\Boot::bootWeb(Object(Config\Paths))
CRITICAL - 2025-06-13 20:08:59 --> CodeIgniter\View\Exceptions\ViewException: Invalid file: "admin/user_tasks.php"
[Method: GET, Route: admin/user-tasks/8]
in SYSTEMPATH\Exceptions\FrameworkException.php on line 39.
 1 SYSTEMPATH\View\View.php(212): CodeIgniter\Exceptions\FrameworkException::forInvalidFile('admin/user_tasks.php')
 2 SYSTEMPATH\Common.php(1173): CodeIgniter\View\View->render('admin/user_tasks', [], true)
 3 APPPATH\Controllers\TaskController.php(184): view('admin/user_tasks', [...])
 4 SYSTEMPATH\CodeIgniter.php(933): App\Controllers\TaskController->adminUserTasks('8')
 5 SYSTEMPATH\CodeIgniter.php(507): CodeIgniter\CodeIgniter->runController(Object(App\Controllers\TaskController))
 6 SYSTEMPATH\CodeIgniter.php(354): CodeIgniter\CodeIgniter->handleRequest(null, Object(Config\Cache), false)
 7 SYSTEMPATH\Boot.php(334): CodeIgniter\CodeIgniter->run()
 8 SYSTEMPATH\Boot.php(67): CodeIgniter\Boot::runCodeIgniter(Object(CodeIgniter\CodeIgniter))
 9 FCPATH\index.php(56): CodeIgniter\Boot::bootWeb(Object(Config\Paths))
CRITICAL - 2025-06-13 20:16:06 --> CodeIgniter\View\Exceptions\ViewException: Invalid file: "admin/user_tasks.php"
[Method: GET, Route: admin/user-tasks/8]
in SYSTEMPATH\Exceptions\FrameworkException.php on line 39.
 1 SYSTEMPATH\View\View.php(212): CodeIgniter\Exceptions\FrameworkException::forInvalidFile('admin/user_tasks.php')
 2 SYSTEMPATH\Common.php(1173): CodeIgniter\View\View->render('admin/user_tasks', [], true)
 3 APPPATH\Controllers\TaskController.php(184): view('admin/user_tasks', [...])
 4 SYSTEMPATH\CodeIgniter.php(933): App\Controllers\TaskController->adminUserTasks('8')
 5 SYSTEMPATH\CodeIgniter.php(507): CodeIgniter\CodeIgniter->runController(Object(App\Controllers\TaskController))
 6 SYSTEMPATH\CodeIgniter.php(354): CodeIgniter\CodeIgniter->handleRequest(null, Object(Config\Cache), false)
 7 SYSTEMPATH\Boot.php(334): CodeIgniter\CodeIgniter->run()
 8 SYSTEMPATH\Boot.php(67): CodeIgniter\Boot::runCodeIgniter(Object(CodeIgniter\CodeIgniter))
 9 FCPATH\index.php(56): CodeIgniter\Boot::bootWeb(Object(Config\Paths))
CRITICAL - 2025-06-13 20:16:11 --> CodeIgniter\View\Exceptions\ViewException: Invalid file: "admin/user_tasks.php"
[Method: GET, Route: admin/user-tasks/8]
in SYSTEMPATH\Exceptions\FrameworkException.php on line 39.
 1 SYSTEMPATH\View\View.php(212): CodeIgniter\Exceptions\FrameworkException::forInvalidFile('admin/user_tasks.php')
 2 SYSTEMPATH\Common.php(1173): CodeIgniter\View\View->render('admin/user_tasks', [], true)
 3 APPPATH\Controllers\TaskController.php(184): view('admin/user_tasks', [...])
 4 SYSTEMPATH\CodeIgniter.php(933): App\Controllers\TaskController->adminUserTasks('8')
 5 SYSTEMPATH\CodeIgniter.php(507): CodeIgniter\CodeIgniter->runController(Object(App\Controllers\TaskController))
 6 SYSTEMPATH\CodeIgniter.php(354): CodeIgniter\CodeIgniter->handleRequest(null, Object(Config\Cache), false)
 7 SYSTEMPATH\Boot.php(334): CodeIgniter\CodeIgniter->run()
 8 SYSTEMPATH\Boot.php(67): CodeIgniter\Boot::runCodeIgniter(Object(CodeIgniter\CodeIgniter))
 9 FCPATH\index.php(56): CodeIgniter\Boot::bootWeb(Object(Config\Paths))
CRITICAL - 2025-06-13 20:28:20 --> ErrorException: Undefined variable $task
[Method: GET, Route: admin/dashboard]
in APPPATH\Views\admin\dashboard.php on line 18.
 1 APPPATH\Views\admin\dashboard.php(18): CodeIgniter\Debug\Exceptions->errorHandler(2, 'Undefined variable $task', 'C:\\xampp\\htdocs\\TA1\\app\\Views\\admin\\dashboard.php', 18)
 2 SYSTEMPATH\View\View.php(224): include('C:\\xampp\\htdocs\\TA1\\app\\Views\\admin\\dashboard.php')
 3 SYSTEMPATH\View\View.php(227): CodeIgniter\View\View->CodeIgniter\View\{closure}()
 4 SYSTEMPATH\Common.php(1173): CodeIgniter\View\View->render('admin/dashboard', [], true)
 5 APPPATH\Controllers\TaskController.php(201): view('admin/dashboard', [...])
 6 SYSTEMPATH\CodeIgniter.php(933): App\Controllers\TaskController->adminDashboard()
 7 SYSTEMPATH\CodeIgniter.php(507): CodeIgniter\CodeIgniter->runController(Object(App\Controllers\TaskController))
 8 SYSTEMPATH\CodeIgniter.php(354): CodeIgniter\CodeIgniter->handleRequest(null, Object(Config\Cache), false)
 9 SYSTEMPATH\Boot.php(334): CodeIgniter\CodeIgniter->run()
10 SYSTEMPATH\Boot.php(67): CodeIgniter\Boot::runCodeIgniter(Object(CodeIgniter\CodeIgniter))
11 FCPATH\index.php(56): CodeIgniter\Boot::bootWeb(Object(Config\Paths))
CRITICAL - 2025-06-13 20:28:25 --> ErrorException: Undefined variable $task
[Method: GET, Route: admin/dashboard]
in APPPATH\Views\admin\dashboard.php on line 18.
 1 APPPATH\Views\admin\dashboard.php(18): CodeIgniter\Debug\Exceptions->errorHandler(2, 'Undefined variable $task', 'C:\\xampp\\htdocs\\TA1\\app\\Views\\admin\\dashboard.php', 18)
 2 SYSTEMPATH\View\View.php(224): include('C:\\xampp\\htdocs\\TA1\\app\\Views\\admin\\dashboard.php')
 3 SYSTEMPATH\View\View.php(227): CodeIgniter\View\View->CodeIgniter\View\{closure}()
 4 SYSTEMPATH\Common.php(1173): CodeIgniter\View\View->render('admin/dashboard', [], true)
 5 APPPATH\Controllers\TaskController.php(201): view('admin/dashboard', [...])
 6 SYSTEMPATH\CodeIgniter.php(933): App\Controllers\TaskController->adminDashboard()
 7 SYSTEMPATH\CodeIgniter.php(507): CodeIgniter\CodeIgniter->runController(Object(App\Controllers\TaskController))
 8 SYSTEMPATH\CodeIgniter.php(354): CodeIgniter\CodeIgniter->handleRequest(null, Object(Config\Cache), false)
 9 SYSTEMPATH\Boot.php(334): CodeIgniter\CodeIgniter->run()
10 SYSTEMPATH\Boot.php(67): CodeIgniter\Boot::runCodeIgniter(Object(CodeIgniter\CodeIgniter))
11 FCPATH\index.php(56): CodeIgniter\Boot::bootWeb(Object(Config\Paths))
CRITICAL - 2025-06-13 20:28:27 --> ErrorException: Undefined variable $task
[Method: GET, Route: admin/dashboard]
in APPPATH\Views\admin\dashboard.php on line 18.
 1 APPPATH\Views\admin\dashboard.php(18): CodeIgniter\Debug\Exceptions->errorHandler(2, 'Undefined variable $task', 'C:\\xampp\\htdocs\\TA1\\app\\Views\\admin\\dashboard.php', 18)
 2 SYSTEMPATH\View\View.php(224): include('C:\\xampp\\htdocs\\TA1\\app\\Views\\admin\\dashboard.php')
 3 SYSTEMPATH\View\View.php(227): CodeIgniter\View\View->CodeIgniter\View\{closure}()
 4 SYSTEMPATH\Common.php(1173): CodeIgniter\View\View->render('admin/dashboard', [], true)
 5 APPPATH\Controllers\TaskController.php(201): view('admin/dashboard', [...])
 6 SYSTEMPATH\CodeIgniter.php(933): App\Controllers\TaskController->adminDashboard()
 7 SYSTEMPATH\CodeIgniter.php(507): CodeIgniter\CodeIgniter->runController(Object(App\Controllers\TaskController))
 8 SYSTEMPATH\CodeIgniter.php(354): CodeIgniter\CodeIgniter->handleRequest(null, Object(Config\Cache), false)
 9 SYSTEMPATH\Boot.php(334): CodeIgniter\CodeIgniter->run()
10 SYSTEMPATH\Boot.php(67): CodeIgniter\Boot::runCodeIgniter(Object(CodeIgniter\CodeIgniter))
11 FCPATH\index.php(56): CodeIgniter\Boot::bootWeb(Object(Config\Paths))
CRITICAL - 2025-06-13 20:28:29 --> ErrorException: Undefined variable $task
[Method: GET, Route: admin/dashboard]
in APPPATH\Views\admin\dashboard.php on line 18.
 1 APPPATH\Views\admin\dashboard.php(18): CodeIgniter\Debug\Exceptions->errorHandler(2, 'Undefined variable $task', 'C:\\xampp\\htdocs\\TA1\\app\\Views\\admin\\dashboard.php', 18)
 2 SYSTEMPATH\View\View.php(224): include('C:\\xampp\\htdocs\\TA1\\app\\Views\\admin\\dashboard.php')
 3 SYSTEMPATH\View\View.php(227): CodeIgniter\View\View->CodeIgniter\View\{closure}()
 4 SYSTEMPATH\Common.php(1173): CodeIgniter\View\View->render('admin/dashboard', [], true)
 5 APPPATH\Controllers\TaskController.php(201): view('admin/dashboard', [...])
 6 SYSTEMPATH\CodeIgniter.php(933): App\Controllers\TaskController->adminDashboard()
 7 SYSTEMPATH\CodeIgniter.php(507): CodeIgniter\CodeIgniter->runController(Object(App\Controllers\TaskController))
 8 SYSTEMPATH\CodeIgniter.php(354): CodeIgniter\CodeIgniter->handleRequest(null, Object(Config\Cache), false)
 9 SYSTEMPATH\Boot.php(334): CodeIgniter\CodeIgniter->run()
10 SYSTEMPATH\Boot.php(67): CodeIgniter\Boot::runCodeIgniter(Object(CodeIgniter\CodeIgniter))
11 FCPATH\index.php(56): CodeIgniter\Boot::bootWeb(Object(Config\Paths))
CRITICAL - 2025-06-13 20:28:30 --> ErrorException: Undefined variable $task
[Method: GET, Route: admin/dashboard]
in APPPATH\Views\admin\dashboard.php on line 18.
 1 APPPATH\Views\admin\dashboard.php(18): CodeIgniter\Debug\Exceptions->errorHandler(2, 'Undefined variable $task', 'C:\\xampp\\htdocs\\TA1\\app\\Views\\admin\\dashboard.php', 18)
 2 SYSTEMPATH\View\View.php(224): include('C:\\xampp\\htdocs\\TA1\\app\\Views\\admin\\dashboard.php')
 3 SYSTEMPATH\View\View.php(227): CodeIgniter\View\View->CodeIgniter\View\{closure}()
 4 SYSTEMPATH\Common.php(1173): CodeIgniter\View\View->render('admin/dashboard', [], true)
 5 APPPATH\Controllers\TaskController.php(201): view('admin/dashboard', [...])
 6 SYSTEMPATH\CodeIgniter.php(933): App\Controllers\TaskController->adminDashboard()
 7 SYSTEMPATH\CodeIgniter.php(507): CodeIgniter\CodeIgniter->runController(Object(App\Controllers\TaskController))
 8 SYSTEMPATH\CodeIgniter.php(354): CodeIgniter\CodeIgniter->handleRequest(null, Object(Config\Cache), false)
 9 SYSTEMPATH\Boot.php(334): CodeIgniter\CodeIgniter->run()
10 SYSTEMPATH\Boot.php(67): CodeIgniter\Boot::runCodeIgniter(Object(CodeIgniter\CodeIgniter))
11 FCPATH\index.php(56): CodeIgniter\Boot::bootWeb(Object(Config\Paths))
